<?xml version="1.0" encoding="UTF-8"?>
<!-- Generated by org.testng.reporters.JUnitXMLReporter -->
<testsuite ignored="0" hostname="giri-PC" failures="0" tests="6" name="Default test" time="0.211" errors="0" timestamp="2022-08-04T16:49:39 IST">
  <testcase classname="org.testNg.PriorityCheck" name="signin" time="0.017"/>
  <testcase classname="org.testNg.PriorityCheck" name="uname" time="0.005"/>
  <testcase classname="org.testNg.PriorityCheck" name="Password" time="0.005"/>
  <testcase classname="org.testNg.PriorityCheck" name="Mobile" time="0.007"/>
  <testcase classname="org.testNg.PriorityCheck" name="id" time="0.004"/>
  <testcase classname="org.testNg.PriorityCheck" name="gender" time="0.001"/>
</testsuite> <!-- Default test -->
