<?xml version="1.0" encoding="UTF-8"?>
<testng-results ignored="0" total="6" passed="6" failed="0" skipped="0">
  <reporter-output>
  </reporter-output>
  <suite started-at="2022-08-29T23:54:43 IST" name="Default suite" finished-at="2022-08-29T23:54:44 IST" duration-ms="253">
    <groups>
    </groups>
    <test started-at="2022-08-29T23:54:43 IST" name="Default test" finished-at="2022-08-29T23:54:44 IST" duration-ms="253">
      <class name="org.testNg.PriorityCheck">
        <test-method signature="signin()[pri:-1, instance:org.testNg.PriorityCheck@3fb1549b]" started-at="2022-08-29T23:54:43 IST" name="signin" finished-at="2022-08-29T23:54:44 IST" duration-ms="74" status="PASS">
          <reporter-output>
          </reporter-output>
        </test-method> <!-- signin -->
        <test-method signature="uname()[pri:1, instance:org.testNg.PriorityCheck@3fb1549b]" started-at="2022-08-29T23:54:44 IST" name="uname" finished-at="2022-08-29T23:54:44 IST" duration-ms="5" status="PASS">
          <reporter-output>
          </reporter-output>
        </test-method> <!-- uname -->
        <test-method signature="Password()[pri:2, instance:org.testNg.PriorityCheck@3fb1549b]" started-at="2022-08-29T23:54:44 IST" name="Password" finished-at="2022-08-29T23:54:44 IST" duration-ms="5" status="PASS">
          <reporter-output>
          </reporter-output>
        </test-method> <!-- Password -->
        <test-method signature="Mobile()[pri:3, instance:org.testNg.PriorityCheck@3fb1549b]" started-at="2022-08-29T23:54:44 IST" name="Mobile" finished-at="2022-08-29T23:54:44 IST" duration-ms="5" status="PASS">
          <reporter-output>
          </reporter-output>
        </test-method> <!-- Mobile -->
        <test-method signature="id()[pri:4, instance:org.testNg.PriorityCheck@3fb1549b]" started-at="2022-08-29T23:54:44 IST" name="id" finished-at="2022-08-29T23:54:44 IST" duration-ms="6" status="PASS">
          <reporter-output>
          </reporter-output>
        </test-method> <!-- id -->
        <test-method signature="gender()[pri:5, instance:org.testNg.PriorityCheck@3fb1549b]" started-at="2022-08-29T23:54:44 IST" name="gender" finished-at="2022-08-29T23:54:44 IST" duration-ms="4" status="PASS">
          <reporter-output>
          </reporter-output>
        </test-method> <!-- gender -->
      </class> <!-- org.testNg.PriorityCheck -->
    </test> <!-- Default test -->
  </suite> <!-- Default suite -->
</testng-results>
